<?xml version="1.0" encoding="UTF-8"?>
<testng-results ignored="0" total="3" passed="1" failed="2" skipped="0">
  <reporter-output>
  </reporter-output>
  <suite started-at="2024-01-19T13:24:00 IST" name="Cross-Platform" finished-at="2024-01-19T13:24:55 IST" duration-ms="54685">
    <groups>
    </groups>
    <test started-at="2024-01-19T13:24:00 IST" name="BStackDemo-2" finished-at="2024-01-19T13:24:38 IST" duration-ms="37382">
      <class name="eleven36.com.Tests.LoginTest">
        <test-method is-config="true" signature="setUp()[pri:0, instance:eleven36.com.Tests.LoginTest@30814f43]" started-at="2024-01-19T13:24:00 IST" name="setUp" finished-at="2024-01-19T13:24:31 IST" duration-ms="30565" status="PASS">
          <reporter-output>
          </reporter-output>
        </test-method> <!-- setUp -->
        <test-method signature="Validlogin()[pri:0, instance:eleven36.com.Tests.LoginTest@30814f43]" started-at="2024-01-19T13:24:31 IST" name="Validlogin" finished-at="2024-01-19T13:24:35 IST" duration-ms="4214" status="PASS">
          <reporter-output>
          </reporter-output>
        </test-method> <!-- Validlogin -->
        <test-method is-config="true" signature="tearDown()[pri:0, instance:eleven36.com.Tests.LoginTest@30814f43]" started-at="2024-01-19T13:24:35 IST" name="tearDown" finished-at="2024-01-19T13:24:38 IST" duration-ms="2335" status="PASS">
          <reporter-output>
          </reporter-output>
        </test-method> <!-- tearDown -->
      </class> <!-- eleven36.com.Tests.LoginTest -->
    </test> <!-- BStackDemo-2 -->
    <test started-at="2024-01-19T13:24:00 IST" name="BStackDemo-0" finished-at="2024-01-19T13:24:47 IST" duration-ms="46718">
      <class name="eleven36.com.Tests.LoginTest">
        <test-method is-config="true" signature="setUp()[pri:0, instance:eleven36.com.Tests.LoginTest@1dc2de84]" started-at="2024-01-19T13:24:00 IST" name="setUp" finished-at="2024-01-19T13:24:40 IST" duration-ms="39966" status="PASS">
          <reporter-output>
          </reporter-output>
        </test-method> <!-- setUp -->
        <test-method signature="Validlogin()[pri:0, instance:eleven36.com.Tests.LoginTest@1dc2de84]" started-at="2024-01-19T13:24:40 IST" name="Validlogin" finished-at="2024-01-19T13:24:44 IST" duration-ms="4239" status="FAIL">
          <exception class="java.lang.AssertionError">
            <message>
              <![CDATA[expected [true] but found [false]]]>
            </message>
            <full-stacktrace>
              <![CDATA[java.lang.AssertionError: expected [true] but found [false]
at org.testng.Assert.fail(Assert.java:99)
at org.testng.Assert.failNotEquals(Assert.java:1037)
at org.testng.Assert.assertTrue(Assert.java:45)
at org.testng.Assert.assertTrue(Assert.java:55)
at eleven36.com.Tests.LoginTest.Validlogin(LoginTest.java:24)
at java.base/jdk.internal.reflect.NativeMethodAccessorImpl.invoke0(Native Method)
at java.base/jdk.internal.reflect.NativeMethodAccessorImpl.invoke(NativeMethodAccessorImpl.java:77)
at java.base/jdk.internal.reflect.DelegatingMethodAccessorImpl.invoke(DelegatingMethodAccessorImpl.java:43)
at java.base/java.lang.reflect.Method.invoke(Method.java:568)
at org.testng.internal.MethodInvocationHelper.invokeMethod(MethodInvocationHelper.java:133)
at org.testng.internal.TestInvoker.invokeMethod(TestInvoker.java:598)
at org.testng.internal.TestInvoker.invokeTestMethod(TestInvoker.java:173)
at org.testng.internal.MethodRunner.runInSequence(MethodRunner.java:46)
at org.testng.internal.TestInvoker$MethodInvocationAgent.invoke(TestInvoker.java:824)
at org.testng.internal.TestInvoker.invokeTestMethods(TestInvoker.java:146)
at org.testng.internal.TestMethodWorker.invokeTestMethods(TestMethodWorker.java:146)
at org.testng.internal.TestMethodWorker.run(TestMethodWorker.java:128)
at java.base/java.util.ArrayList.forEach(ArrayList.java:1511)
at org.testng.TestRunner.privateRun(TestRunner.java:794)
at org.testng.TestRunner.run(TestRunner.java:596)
at org.testng.SuiteRunner.runTest(SuiteRunner.java:377)
at org.testng.SuiteRunner.access$000(SuiteRunner.java:28)
at org.testng.SuiteRunner$SuiteWorker.run(SuiteRunner.java:418)
at org.testng.internal.thread.ThreadUtil.lambda$execute$0(ThreadUtil.java:64)
at java.base/java.util.concurrent.FutureTask.run(FutureTask.java:264)
at java.base/java.util.concurrent.ThreadPoolExecutor.runWorker(ThreadPoolExecutor.java:1136)
at java.base/java.util.concurrent.ThreadPoolExecutor$Worker.run(ThreadPoolExecutor.java:635)
at java.base/java.lang.Thread.run(Thread.java:840)
]]>
            </full-stacktrace>
          </exception> <!-- java.lang.AssertionError -->
          <reporter-output>
          </reporter-output>
        </test-method> <!-- Validlogin -->
        <test-method is-config="true" signature="tearDown()[pri:0, instance:eleven36.com.Tests.LoginTest@1dc2de84]" started-at="2024-01-19T13:24:45 IST" name="tearDown" finished-at="2024-01-19T13:24:47 IST" duration-ms="2291" status="PASS">
          <reporter-output>
          </reporter-output>
        </test-method> <!-- tearDown -->
      </class> <!-- eleven36.com.Tests.LoginTest -->
    </test> <!-- BStackDemo-0 -->
    <test started-at="2024-01-19T13:24:00 IST" name="BStackDemo-1" finished-at="2024-01-19T13:24:55 IST" duration-ms="54685">
      <class name="eleven36.com.Tests.LoginTest">
        <test-method is-config="true" signature="setUp()[pri:0, instance:eleven36.com.Tests.LoginTest@7144655b]" started-at="2024-01-19T13:24:00 IST" name="setUp" finished-at="2024-01-19T13:24:38 IST" duration-ms="38099" status="PASS">
          <reporter-output>
          </reporter-output>
        </test-method> <!-- setUp -->
        <test-method signature="Validlogin()[pri:0, instance:eleven36.com.Tests.LoginTest@7144655b]" started-at="2024-01-19T13:24:38 IST" name="Validlogin" finished-at="2024-01-19T13:24:51 IST" duration-ms="13180" status="FAIL">
          <exception class="org.openqa.selenium.NoSuchElementException">
            <message>
              <![CDATA[no such element: Unable to locate element: {"method":"xpath","selector":"//span[@class='cx-login-greet d-none d-md-flex']"}
  (Session info: chrome=120.0.6099.144)
For documentation on this error, please visit: https://selenium.dev/exceptions/#no_such_element
Build info: version: '4.1.4', revision: '535d840ee2'
System info: host: 'Shalinis-MacBook-Pro.local', ip: '2401:4900:1c22:66d6:ddb8:eff3:6f0d:76c9%en0', os.name: 'Mac OS X', os.arch: 'x86_64', os.version: '14.1', java.version: '17.0.9'
Driver info: org.openqa.selenium.chrome.ChromeDriver
Command: [e63c47551f4a1e88d2ecaf6500af89d117478c75, findElement {using=xpath, value=//span[@class='cx-login-greet d-none d-md-flex']}]
Capabilities {appActivity: com.google.android.apps.chr..., appPackage: com.android.chrome, browserName: chrome, chromedriverArgs: [--adb-port=5038], chromedriverPort: 8083, databaseEnabled: false, desired: {browserName: chrome, chromedriverArgs: [--adb-port=5038], chromedriverPort: 8083, deviceName: android, goog:chromeOptions: {args: [start-maximized, --proxy-bypass-list=<-loopb..., test-type, --proxy-server=http://103.2..., --disable-features=Translate]}, newCommandTimeout: 0, platformName: Android, skipServerInstallation: true, systemPort: 8203, udid: RZCW31Q8B1J}, deviceApiLevel: 33, deviceManufacturer: samsung, deviceModel: SM-S918B, deviceName: RZCW31Q8B1J, deviceScreenDensity: 450, deviceScreenSize: 1080x2316, deviceUDID: RZCW31Q8B1J, goog:chromeOptions: {args: [start-maximized, --proxy-bypass-list=<-loopb..., test-type, --proxy-server=http://103.2..., --disable-features=Translate]}, javascriptEnabled: true, locationContextEnabled: false, networkConnectionEnabled: true, newCommandTimeout: 0, optimalHubUrl: hub-aps.browserstack.com, pixelRatio: 2.8125, platform: LINUX, platformName: LINUX, platformVersion: 13, skipServerInstallation: true, statBarHeight: 75, systemPort: 8203, takesScreenshot: true, udid: RZCW31Q8B1J, viewportRect: {height: 2031, left: 0, top: 75, width: 1080}, warnings: {}, webStorageEnabled: false}
Session ID: e63c47551f4a1e88d2ecaf6500af89d117478c75]]>
            </message>
            <full-stacktrace>
              <![CDATA[org.openqa.selenium.NoSuchElementException: no such element: Unable to locate element: {"method":"xpath","selector":"//span[@class='cx-login-greet d-none d-md-flex']"}
  (Session info: chrome=120.0.6099.144)
For documentation on this error, please visit: https://selenium.dev/exceptions/#no_such_element
Build info: version: '4.1.4', revision: '535d840ee2'
System info: host: 'Shalinis-MacBook-Pro.local', ip: '2401:4900:1c22:66d6:ddb8:eff3:6f0d:76c9%en0', os.name: 'Mac OS X', os.arch: 'x86_64', os.version: '14.1', java.version: '17.0.9'
Driver info: org.openqa.selenium.chrome.ChromeDriver
Command: [e63c47551f4a1e88d2ecaf6500af89d117478c75, findElement {using=xpath, value=//span[@class='cx-login-greet d-none d-md-flex']}]
Capabilities {appActivity: com.google.android.apps.chr..., appPackage: com.android.chrome, browserName: chrome, chromedriverArgs: [--adb-port=5038], chromedriverPort: 8083, databaseEnabled: false, desired: {browserName: chrome, chromedriverArgs: [--adb-port=5038], chromedriverPort: 8083, deviceName: android, goog:chromeOptions: {args: [start-maximized, --proxy-bypass-list=<-loopb..., test-type, --proxy-server=http://103.2..., --disable-features=Translate]}, newCommandTimeout: 0, platformName: Android, skipServerInstallation: true, systemPort: 8203, udid: RZCW31Q8B1J}, deviceApiLevel: 33, deviceManufacturer: samsung, deviceModel: SM-S918B, deviceName: RZCW31Q8B1J, deviceScreenDensity: 450, deviceScreenSize: 1080x2316, deviceUDID: RZCW31Q8B1J, goog:chromeOptions: {args: [start-maximized, --proxy-bypass-list=<-loopb..., test-type, --proxy-server=http://103.2..., --disable-features=Translate]}, javascriptEnabled: true, locationContextEnabled: false, networkConnectionEnabled: true, newCommandTimeout: 0, optimalHubUrl: hub-aps.browserstack.com, pixelRatio: 2.8125, platform: LINUX, platformName: LINUX, platformVersion: 13, skipServerInstallation: true, statBarHeight: 75, systemPort: 8203, takesScreenshot: true, udid: RZCW31Q8B1J, viewportRect: {height: 2031, left: 0, top: 75, width: 1080}, warnings: {}, webStorageEnabled: false}
Session ID: e63c47551f4a1e88d2ecaf6500af89d117478c75
at java.base/jdk.internal.reflect.NativeConstructorAccessorImpl.newInstance0(Native Method)
at java.base/jdk.internal.reflect.NativeConstructorAccessorImpl.newInstance(NativeConstructorAccessorImpl.java:77)
at java.base/jdk.internal.reflect.DelegatingConstructorAccessorImpl.newInstance(DelegatingConstructorAccessorImpl.java:45)
at java.base/java.lang.reflect.Constructor.newInstanceWithCaller(Constructor.java:499)
at java.base/java.lang.reflect.Constructor.newInstance(Constructor.java:480)
at org.openqa.selenium.remote.codec.w3c.W3CHttpResponseCodec.createException(W3CHttpResponseCodec.java:200)
at org.openqa.selenium.remote.codec.w3c.W3CHttpResponseCodec.decode(W3CHttpResponseCodec.java:133)
at org.openqa.selenium.remote.codec.w3c.W3CHttpResponseCodec.decode(W3CHttpResponseCodec.java:53)
at org.openqa.selenium.remote.HttpCommandExecutor.execute(HttpCommandExecutor.java:184)
at org.openqa.selenium.remote.RemoteWebDriver.execute(RemoteWebDriver.java:567)
at org.openqa.selenium.remote.ElementLocation$ElementFinder$2.findElement(ElementLocation.java:162)
at org.openqa.selenium.remote.ElementLocation.findElement(ElementLocation.java:60)
at org.openqa.selenium.remote.RemoteWebDriver.findElement(RemoteWebDriver.java:385)
at org.openqa.selenium.remote.RemoteWebDriver.findElement(RemoteWebDriver.java:377)
at org.openqa.selenium.support.pagefactory.DefaultElementLocator.findElement(DefaultElementLocator.java:70)
at org.openqa.selenium.support.pagefactory.internal.LocatingElementHandler.invoke(LocatingElementHandler.java:39)
at jdk.proxy2/jdk.proxy2.$Proxy18.isDisplayed(Unknown Source)
at eleven36.com.Pages.GetStarted.VerifyGetStartedPageDisplayed(GetStarted.java:25)
at eleven36.com.Tests.LoginTest.Validlogin(LoginTest.java:23)
at java.base/jdk.internal.reflect.NativeMethodAccessorImpl.invoke0(Native Method)
at java.base/jdk.internal.reflect.NativeMethodAccessorImpl.invoke(NativeMethodAccessorImpl.java:77)
at java.base/jdk.internal.reflect.DelegatingMethodAccessorImpl.invoke(DelegatingMethodAccessorImpl.java:43)
at java.base/java.lang.reflect.Method.invoke(Method.java:568)
at org.testng.internal.MethodInvocationHelper.invokeMethod(MethodInvocationHelper.java:133)
at org.testng.internal.TestInvoker.invokeMethod(TestInvoker.java:598)
at org.testng.internal.TestInvoker.invokeTestMethod(TestInvoker.java:173)
at org.testng.internal.MethodRunner.runInSequence(MethodRunner.java:46)
at org.testng.internal.TestInvoker$MethodInvocationAgent.invoke(TestInvoker.java:824)
at org.testng.internal.TestInvoker.invokeTestMethods(TestInvoker.java:146)
at org.testng.internal.TestMethodWorker.invokeTestMethods(TestMethodWorker.java:146)
at org.testng.internal.TestMethodWorker.run(TestMethodWorker.java:128)
at java.base/java.util.ArrayList.forEach(ArrayList.java:1511)
at org.testng.TestRunner.privateRun(TestRunner.java:794)
at org.testng.TestRunner.run(TestRunner.java:596)
at org.testng.SuiteRunner.runTest(SuiteRunner.java:377)
at org.testng.SuiteRunner.access$000(SuiteRunner.java:28)
at org.testng.SuiteRunner$SuiteWorker.run(SuiteRunner.java:418)
at org.testng.internal.thread.ThreadUtil.lambda$execute$0(ThreadUtil.java:64)
at java.base/java.util.concurrent.FutureTask.run(FutureTask.java:264)
at java.base/java.util.concurrent.ThreadPoolExecutor.runWorker(ThreadPoolExecutor.java:1136)
at java.base/java.util.concurrent.ThreadPoolExecutor$Worker.run(ThreadPoolExecutor.java:635)
at java.base/java.lang.Thread.run(Thread.java:840)
]]>
            </full-stacktrace>
          </exception> <!-- org.openqa.selenium.NoSuchElementException -->
          <reporter-output>
          </reporter-output>
        </test-method> <!-- Validlogin -->
        <test-method is-config="true" signature="tearDown()[pri:0, instance:eleven36.com.Tests.LoginTest@7144655b]" started-at="2024-01-19T13:24:52 IST" name="tearDown" finished-at="2024-01-19T13:24:55 IST" duration-ms="3191" status="PASS">
          <reporter-output>
          </reporter-output>
        </test-method> <!-- tearDown -->
      </class> <!-- eleven36.com.Tests.LoginTest -->
    </test> <!-- BStackDemo-1 -->
  </suite> <!-- Cross-Platform -->
</testng-results>
